<?xml version="1.0" encoding="UTF-8"?>
<testsuite xmlns:xsi="http://www.w3.org/2001/XMLSchema-instance" xsi:noNamespaceSchemaLocation="https://maven.apache.org/surefire/maven-surefire-plugin/xsd/surefire-test-report-3.0.xsd" version="3.0" name="TestSuite" time="6.676" tests="1" errors="0" skipped="0" failures="0">
  <properties>
[...]
</properties>
  <testcase name="test" classname="mason1.SeleniumTest" time="6.492">
    <system-out><![CDATA[...
... TestNG 6.8beta 20120825_1010 by C�dric Beust (cedric@beust.com)
...

]]></system-out>
  </testcase>
</testsuite>